2025-10-30 20:01:38,295 - INFO - Generating faculty preference stats...
2025-10-30 20:01:38,337 - INFO - Successfully generated preference stats.
2025-10-30 20:01:38,337 - INFO - Starting student allocation...
2025-10-30 20:01:38,409 - INFO - Starting allocation cycle 1. 90 students remaining.
2025-10-30 20:01:38,410 - INFO - Starting allocation cycle 2. 72 students remaining.
2025-10-30 20:01:38,410 - INFO - Starting allocation cycle 3. 54 students remaining.
2025-10-30 20:01:38,410 - INFO - Starting allocation cycle 4. 36 students remaining.
2025-10-30 20:01:38,410 - INFO - Starting allocation cycle 5. 18 students remaining.
2025-10-30 20:01:38,411 - INFO - Allocation complete.
2025-10-30 20:01:41,732 - INFO - Generating faculty preference stats...
2025-10-30 20:01:41,773 - INFO - Successfully generated preference stats.
2025-10-30 20:01:41,773 - INFO - Starting student allocation...
2025-10-30 20:01:41,841 - INFO - Starting allocation cycle 1. 90 students remaining.
2025-10-30 20:01:41,842 - INFO - Starting allocation cycle 2. 72 students remaining.
2025-10-30 20:01:41,842 - INFO - Starting allocation cycle 3. 54 students remaining.
2025-10-30 20:01:41,843 - INFO - Starting allocation cycle 4. 36 students remaining.
2025-10-30 20:01:41,843 - INFO - Starting allocation cycle 5. 18 students remaining.
2025-10-30 20:01:41,843 - INFO - Allocation complete.
2025-10-30 20:01:44,734 - INFO - Generating faculty preference stats...
2025-10-30 20:01:44,818 - INFO - Successfully generated preference stats.
2025-10-30 20:01:44,818 - INFO - Starting student allocation...
2025-10-30 20:01:44,974 - INFO - Starting allocation cycle 1. 90 students remaining.
2025-10-30 20:01:44,975 - INFO - Starting allocation cycle 2. 72 students remaining.
2025-10-30 20:01:44,975 - INFO - Starting allocation cycle 3. 54 students remaining.
2025-10-30 20:01:44,976 - INFO - Starting allocation cycle 4. 36 students remaining.
2025-10-30 20:01:44,976 - INFO - Starting allocation cycle 5. 18 students remaining.
2025-10-30 20:01:44,976 - INFO - Allocation complete.
2025-10-30 20:12:55,016 - INFO - Generating faculty preference stats...
2025-10-30 20:12:55,068 - INFO - Successfully generated preference stats.
2025-10-30 20:12:55,068 - INFO - Starting student allocation...
2025-10-30 20:12:55,126 - INFO - Starting allocation cycle 1. 90 students remaining.
2025-10-30 20:12:55,126 - INFO - Starting allocation cycle 2. 72 students remaining.
2025-10-30 20:12:55,126 - INFO - Starting allocation cycle 3. 54 students remaining.
2025-10-30 20:12:55,127 - INFO - Starting allocation cycle 4. 36 students remaining.
2025-10-30 20:12:55,127 - INFO - Starting allocation cycle 5. 18 students remaining.
2025-10-30 20:12:55,127 - INFO - Allocation complete.
2025-10-30 20:21:32,767 - INFO - Generating faculty preference stats...
2025-10-30 20:21:32,798 - INFO - Successfully generated preference stats.
2025-10-30 20:21:32,798 - INFO - Starting student allocation...
2025-10-30 20:21:32,850 - INFO - Starting allocation cycle 1. 90 students remaining.
2025-10-30 20:21:32,851 - INFO - Starting allocation cycle 2. 72 students remaining.
2025-10-30 20:21:32,851 - INFO - Starting allocation cycle 3. 54 students remaining.
2025-10-30 20:21:32,853 - INFO - Starting allocation cycle 4. 36 students remaining.
2025-10-30 20:21:32,853 - INFO - Starting allocation cycle 5. 18 students remaining.
2025-10-30 20:21:32,854 - INFO - Allocation complete.
2025-10-30 20:22:31,411 - INFO - Generating faculty preference stats...
2025-10-30 20:22:31,448 - INFO - Successfully generated preference stats.
2025-10-30 20:22:31,448 - INFO - Starting student allocation...
2025-10-30 20:22:31,533 - INFO - Starting allocation cycle 1. 90 students remaining.
2025-10-30 20:22:31,534 - INFO - Starting allocation cycle 2. 72 students remaining.
2025-10-30 20:22:31,534 - INFO - Starting allocation cycle 3. 54 students remaining.
2025-10-30 20:22:31,534 - INFO - Starting allocation cycle 4. 36 students remaining.
2025-10-30 20:22:31,535 - INFO - Starting allocation cycle 5. 18 students remaining.
2025-10-30 20:22:31,535 - INFO - Allocation complete.
2025-10-30 20:22:49,786 - INFO - Generating faculty preference stats...
2025-10-30 20:22:49,836 - INFO - Successfully generated preference stats.
2025-10-30 20:22:49,836 - INFO - Starting student allocation...
2025-10-30 20:22:49,888 - INFO - Starting allocation cycle 1. 90 students remaining.
2025-10-30 20:22:49,889 - INFO - Starting allocation cycle 2. 72 students remaining.
2025-10-30 20:22:49,889 - INFO - Starting allocation cycle 3. 54 students remaining.
2025-10-30 20:22:49,890 - INFO - Starting allocation cycle 4. 36 students remaining.
2025-10-30 20:22:49,890 - INFO - Starting allocation cycle 5. 18 students remaining.
2025-10-30 20:22:49,890 - INFO - Allocation complete.
2025-10-30 20:24:51,562 - INFO - Generating faculty preference stats...
2025-10-30 20:24:51,596 - INFO - Successfully generated preference stats.
2025-10-30 20:24:51,596 - INFO - Starting student allocation...
2025-10-30 20:24:51,659 - INFO - Starting allocation cycle 1. 90 students remaining.
2025-10-30 20:24:51,660 - INFO - Starting allocation cycle 2. 72 students remaining.
2025-10-30 20:24:51,660 - INFO - Starting allocation cycle 3. 54 students remaining.
2025-10-30 20:24:51,661 - INFO - Starting allocation cycle 4. 36 students remaining.
2025-10-30 20:24:51,661 - INFO - Starting allocation cycle 5. 18 students remaining.
2025-10-30 20:24:51,661 - INFO - Allocation complete.
2025-10-30 21:13:27,871 - INFO - Generating faculty preference stats...
2025-10-30 21:13:27,933 - INFO - Successfully generated preference stats.
2025-10-30 21:13:27,933 - INFO - Starting student allocation...
2025-10-30 21:13:27,995 - INFO - Starting allocation cycle 1. 90 students remaining.
2025-10-30 21:13:27,995 - INFO - Starting allocation cycle 2. 72 students remaining.
2025-10-30 21:13:27,996 - INFO - Starting allocation cycle 3. 54 students remaining.
2025-10-30 21:13:27,996 - INFO - Starting allocation cycle 4. 36 students remaining.
2025-10-30 21:13:27,996 - INFO - Starting allocation cycle 5. 18 students remaining.
2025-10-30 21:13:27,996 - INFO - Allocation complete.
2025-10-30 17:41:26,488 - INFO - Generating faculty preference stats...
2025-10-30 17:41:26,540 - INFO - Successfully generated preference stats.
2025-10-30 17:41:26,541 - INFO - Starting student allocation...
2025-10-30 17:41:26,612 - INFO - Starting allocation cycle 1. 90 students remaining.
2025-10-30 17:41:26,619 - INFO - Starting allocation cycle 2. 72 students remaining.
2025-10-30 17:41:26,621 - INFO - Starting allocation cycle 3. 54 students remaining.
2025-10-30 17:41:26,621 - INFO - Starting allocation cycle 4. 36 students remaining.
2025-10-30 17:41:26,622 - INFO - Starting allocation cycle 5. 18 students remaining.
2025-10-30 17:41:26,623 - INFO - Allocation complete.
2025-10-31 07:24:53,397 - INFO - Generating faculty preference stats...
2025-10-31 07:24:53,480 - INFO - Successfully generated preference stats.
2025-10-31 07:24:53,482 - INFO - Starting student allocation...
2025-10-31 07:24:53,612 - INFO - Starting allocation cycle 1. 90 students remaining.
2025-10-31 07:24:53,613 - INFO - Starting allocation cycle 2. 72 students remaining.
2025-10-31 07:24:53,615 - INFO - Starting allocation cycle 3. 54 students remaining.
2025-10-31 07:24:53,616 - INFO - Starting allocation cycle 4. 36 students remaining.
2025-10-31 07:24:53,617 - INFO - Starting allocation cycle 5. 18 students remaining.
2025-10-31 07:24:53,618 - INFO - Allocation complete.
